c:\users\zorin\source\repos\gengine_lib\gengine_lib\release\gengine_lib.pdb
c:\users\zorin\source\repos\gengine_lib\gengine_lib\release\scene.obj
c:\users\zorin\source\repos\gengine_lib\gengine_lib\release\smoothlightshader.obj
c:\users\zorin\source\repos\gengine_lib\gengine_lib\release\shadermanager.obj
c:\users\zorin\source\repos\gengine_lib\gengine_lib\release\pixellightshader.obj
c:\users\zorin\source\repos\gengine_lib\gengine_lib\release\lightmanager.obj
c:\users\zorin\source\repos\gengine_lib\gengine_lib\release\blurshader.obj
c:\users\zorin\source\repos\gengine_lib\gengine_lib\release\graphicmanager.obj
c:\users\zorin\source\repos\gengine_lib\gengine_lib\release\fpscounter.obj
c:\users\zorin\source\repos\gengine_lib\gengine_lib\release\drawdata.obj
c:\users\zorin\source\repos\gengine_lib\gengine_lib\release\objectsarray.obj
c:\users\zorin\source\repos\gengine_lib\gengine_lib\release\objectcontainer.obj
c:\users\zorin\source\repos\gengine_lib\gengine_lib\release\gameobject.obj
c:\users\zorin\source\repos\gengine_lib\gengine_lib\release\gamemanager.obj
c:\users\zorin\source\repos\gengine_lib\gengine_lib\release\debugger.obj
c:\users\zorin\source\repos\gengine_lib\gengine_lib\release\inputmanager.obj
c:\users\zorin\source\repos\gengine_lib\gengine_lib\release\squarecollider.obj
c:\users\zorin\source\repos\gengine_lib\gengine_lib\release\polygoncollider.obj
c:\users\zorin\source\repos\gengine_lib\gengine_lib\release\ellipsecollider.obj
c:\users\zorin\source\repos\gengine_lib\gengine_lib\release\collider.obj
c:\users\zorin\source\repos\gengine_lib\gengine_lib\release\circlecollider.obj
c:\users\zorin\source\repos\gengine_lib\gengine_lib\release\line.obj
c:\users\zorin\source\repos\gengine_lib\gengine_lib\release\coordinate.obj
c:\users\zorin\source\repos\gengine_lib\gengine_lib\release\timemanager.obj
c:\users\zorin\source\repos\gengine_lib\gengine_lib\release\scenemanager.obj
c:\users\zorin\source\repos\gengine_lib\gengine_lib\release\gengine_lib.lib
c:\users\zorin\source\repos\gengine_lib\gengine_lib\release\gengine_lib.tlog\cl.command.1.tlog
c:\users\zorin\source\repos\gengine_lib\gengine_lib\release\gengine_lib.tlog\cl.read.1.tlog
c:\users\zorin\source\repos\gengine_lib\gengine_lib\release\gengine_lib.tlog\cl.write.1.tlog
c:\users\zorin\source\repos\gengine_lib\gengine_lib\release\gengine_lib.tlog\lib-link.read.1.tlog
c:\users\zorin\source\repos\gengine_lib\gengine_lib\release\gengine_lib.tlog\lib-link.write.1.tlog
c:\users\zorin\source\repos\gengine_lib\gengine_lib\release\gengine_lib.tlog\lib.command.1.tlog
